<?xml version="1.0" encoding="UTF-8"?>
<!-- Generated by org.testng.reporters.JUnitReportReporter -->
<testsuite skipped="0" hostname="LAPTOP-9OD4SIS4" name="testcases.loginTest" tests="2" failures="0" timestamp="10 Sep 2018 06:24:55 GMT" time="0.070" errors="0">
  <testcase name="logTest" time="0.056" classname="testcases.loginTest"/>
  <testcase name="logTest" time="0.014" classname="testcases.loginTest"/>
</testsuite> <!-- testcases.loginTest -->
