<?xml version="1.0" encoding="UTF-8"?>
<!-- Generated by org.testng.reporters.JUnitReportReporter -->
<testsuite skipped="0" hostname="LAPTOP-9OD4SIS4" name="parallelTests.TestC" tests="1" failures="0" timestamp="10 Sep 2018 07:23:42 GMT" time="2.108" errors="0">
  <testcase name="testC" time="2.108" classname="parallelTests.TestC"/>
</testsuite> <!-- parallelTests.TestC -->
