<?xml version="1.0" encoding="UTF-8"?>
<!-- Generated by org.testng.reporters.JUnitReportReporter -->
<testsuite skipped="2" hostname="LAPTOP-9OD4SIS4" name="testcases.ApplicationTest" tests="3" failures="0" timestamp="10 Sep 2018 05:42:48 GMT" time="0.081" errors="0">
  <testcase name="loginTest" time="0.055" classname="testcases.ApplicationTest"/>
  <testcase name="changePassword" time="0.026" classname="testcases.ApplicationTest">
    <skipped/>
  </testcase> <!-- changePassword -->
  <testcase name="logoutTest" time="0.000" classname="testcases.ApplicationTest">
    <skipped/>
  </testcase> <!-- logoutTest -->
</testsuite> <!-- testcases.ApplicationTest -->
