<?xml version="1.0" encoding="UTF-8"?>
<!-- Generated by org.testng.reporters.JUnitReportReporter -->
<testsuite skipped="0" hostname="LAPTOP-9OD4SIS4" name="parallelTests.TestA" tests="1" failures="0" timestamp="10 Sep 2018 07:23:42 GMT" time="2.109" errors="0">
  <testcase name="testA" time="2.109" classname="parallelTests.TestA"/>
</testsuite> <!-- parallelTests.TestA -->
