<?xml version="1.0" encoding="UTF-8"?>
<!-- Generated by org.testng.reporters.JUnitReportReporter -->
<testsuite skipped="0" hostname="LAPTOP-9OD4SIS4" name="parallelTests.TestB" tests="1" failures="0" timestamp="10 Sep 2018 07:23:42 GMT" time="2.111" errors="0">
  <testcase name="testB" time="2.111" classname="parallelTests.TestB"/>
</testsuite> <!-- parallelTests.TestB -->
